<?xml version="1.0" encoding="UTF-8" ?>
<testsuite tests="21" failures="0" name="CalculadoraJUnitTest" time="0.007" errors="0" skipped="0">
  <properties>
[...]
</properties>
  <testcase classname="CalculadoraJUnitTest" name="somarNumeroInteiroENumeroNegativo" time="0.003"/>
  <testcase classname="CalculadoraJUnitTest" name="subtrairZeroDeZero" time="0"/>
  <testcase classname="CalculadoraJUnitTest" name="dividirInteiroPorInteiro" time="0"/>
  <testcase classname="CalculadoraJUnitTest" name="subtrairInteiroDeZero" time="0"/>
  <testcase classname="CalculadoraJUnitTest" name="somarUmNumeroInteiroEZero" time="0"/>
  <testcase classname="CalculadoraJUnitTest" name="dividirNegativoPorNegativo" time="0"/>
  <testcase classname="CalculadoraJUnitTest" name="subtrairInteiroDeInteiro" time="0"/>
  <testcase classname="CalculadoraJUnitTest" name="multiplicarInteiroPorZero" time="0"/>
  <testcase classname="CalculadoraJUnitTest" name="subtrairNegativoDeNegativo" time="0"/>
  <testcase classname="CalculadoraJUnitTest" name="somarDoisNumerosPositivos" time="0.001"/>
  <testcase classname="CalculadoraJUnitTest" name="dividirInteiroPorZero" time="0.002"/>
  <testcase classname="CalculadoraJUnitTest" name="multiplicarInteiroPorNegativo" time="0"/>
  <testcase classname="CalculadoraJUnitTest" name="multiplicarZeroPorZero" time="0"/>
  <testcase classname="CalculadoraJUnitTest" name="dividirInteiroPorNegativo" time="0"/>
  <testcase classname="CalculadoraJUnitTest" name="somarDoisZeros" time="0"/>
  <testcase classname="CalculadoraJUnitTest" name="somarDoisNumerosNegativos" time="0.001"/>
  <testcase classname="CalculadoraJUnitTest" name="somarNumeroNegativoEZero" time="0"/>
  <testcase classname="CalculadoraJUnitTest" name="subtrairZeroDeInteiro" time="0"/>
  <testcase classname="CalculadoraJUnitTest" name="subtrairNegativoDeInteiro" time="0"/>
  <testcase classname="CalculadoraJUnitTest" name="multiplicarInteiroPorInteiro" time="0"/>
  <testcase classname="CalculadoraJUnitTest" name="multiplicarNegativoPorNegativo" time="0"/>
</testsuite>